  Application.cpp
D:\GameCar\MiniGameStarter\TrainingFramework\src\GameManager\ResourceManagers.h(13,10): fatal error C1083: Cannot open include file: 'soloud.h': No such file or directory
  ResourceManagers.cpp
D:\GameCar\MiniGameStarter\TrainingFramework\src\GameManager\ResourceManagers.h(13,10): fatal error C1083: Cannot open include file: 'soloud.h': No such file or directory
  Font.cpp
  GameButton.cpp
  Sprite2D.cpp
  Camera.cpp
  Sprite3D.cpp
  Model.cpp
D:\GameCar\MiniGameStarter\TrainingFramework\src\GameObject\Model.cpp(25,18): warning C4244: 'initializing': conversion from 'std::streamoff' to 'size_t', possible loss of data
  Shader.cpp
  SpriteAnimation.cpp
D:\GameCar\MiniGameStarter\TrainingFramework\src\GameObject\SpriteAnimation.cpp(82,39): warning C4244: 'argument': conversion from 'GLint' to 'GLfloat', possible loss of data
D:\GameCar\MiniGameStarter\TrainingFramework\src\GameObject\SpriteAnimation.cpp(87,39): warning C4244: 'argument': conversion from 'GLint' to 'GLfloat', possible loss of data
D:\GameCar\MiniGameStarter\TrainingFramework\src\GameObject\SpriteAnimation.cpp(92,39): warning C4244: 'argument': conversion from 'GLint' to 'GLfloat', possible loss of data
D:\GameCar\MiniGameStarter\TrainingFramework\src\GameObject\SpriteAnimation.cpp(97,39): warning C4244: 'argument': conversion from 'GLint' to 'GLfloat', possible loss of data
  Text.cpp
  Texture.cpp
  GameStateBase.cpp
D:\GameCar\MiniGameStarter\TrainingFramework\src\GameManager\ResourceManagers.h(13,10): fatal error C1083: Cannot open include file: 'soloud.h': No such file or directory
  GameStateMachine.cpp
D:\GameCar\MiniGameStarter\TrainingFramework\src\GameManager\ResourceManagers.h(13,10): fatal error C1083: Cannot open include file: 'soloud.h': No such file or directory
  GSIntro.cpp
D:\GameCar\MiniGameStarter\TrainingFramework\src\GameManager\ResourceManagers.h(13,10): fatal error C1083: Cannot open include file: 'soloud.h': No such file or directory
  GSMenu.cpp
D:\GameCar\MiniGameStarter\TrainingFramework\src\GameManager\ResourceManagers.h(13,10): fatal error C1083: Cannot open include file: 'soloud.h': No such file or directory
  GSPlay.cpp
D:\GameCar\MiniGameStarter\TrainingFramework\src\GameManager\ResourceManagers.h(13,10): fatal error C1083: Cannot open include file: 'soloud.h': No such file or directory
  TrainingFramework.cpp
  Generating Code...
